[02-Dec-2024 20:19:33 Europe/Berlin] PHP Warning:  Undefined variable $conn in C:\xampp\htdocs\go_school\login.php on line 20
[02-Dec-2024 20:19:33 Europe/Berlin] PHP Fatal error:  Uncaught Error: Call to a member function prepare() on null in C:\xampp\htdocs\go_school\login.php:20
Stack trace:
#0 {main}
  thrown in C:\xampp\htdocs\go_school\login.php on line 20
[02-Dec-2024 20:20:51 Europe/Berlin] PHP Warning:  Undefined variable $conn in C:\xampp\htdocs\go_school\login.php on line 20
[02-Dec-2024 20:20:51 Europe/Berlin] PHP Fatal error:  Uncaught Error: Call to a member function prepare() on null in C:\xampp\htdocs\go_school\login.php:20
Stack trace:
#0 {main}
  thrown in C:\xampp\htdocs\go_school\login.php on line 20
[02-Dec-2024 20:20:52 Europe/Berlin] PHP Warning:  Undefined variable $conn in C:\xampp\htdocs\go_school\login.php on line 20
[02-Dec-2024 20:20:52 Europe/Berlin] PHP Fatal error:  Uncaught Error: Call to a member function prepare() on null in C:\xampp\htdocs\go_school\login.php:20
Stack trace:
#0 {main}
  thrown in C:\xampp\htdocs\go_school\login.php on line 20
[02-Dec-2024 20:20:52 Europe/Berlin] PHP Warning:  Undefined variable $conn in C:\xampp\htdocs\go_school\login.php on line 20
[02-Dec-2024 20:20:52 Europe/Berlin] PHP Fatal error:  Uncaught Error: Call to a member function prepare() on null in C:\xampp\htdocs\go_school\login.php:20
Stack trace:
#0 {main}
  thrown in C:\xampp\htdocs\go_school\login.php on line 20
[02-Dec-2024 20:20:52 Europe/Berlin] PHP Warning:  Undefined variable $conn in C:\xampp\htdocs\go_school\login.php on line 20
[02-Dec-2024 20:20:52 Europe/Berlin] PHP Fatal error:  Uncaught Error: Call to a member function prepare() on null in C:\xampp\htdocs\go_school\login.php:20
Stack trace:
#0 {main}
  thrown in C:\xampp\htdocs\go_school\login.php on line 20
[02-Dec-2024 20:21:00 Europe/Berlin] PHP Warning:  Undefined variable $conn in C:\xampp\htdocs\go_school\login.php on line 20
[02-Dec-2024 20:21:00 Europe/Berlin] PHP Fatal error:  Uncaught Error: Call to a member function prepare() on null in C:\xampp\htdocs\go_school\login.php:20
Stack trace:
#0 {main}
  thrown in C:\xampp\htdocs\go_school\login.php on line 20
